Request: Array
(
    [votes] => Array
        (
            [1] => 6
            [2] => 4
            [3] => Array
                (
                    [0] => 3
                    [1] => 9
                    [2] => 10
                    [3] => 11
                    [4] => 12
                    [5] => 13
                    [6] => 14
                    [7] => 15
                    [8] => 17
                    [9] => 18
                    [10] => 20
                    [11] => 22
                )

            [6] => 2
        )

    [voter_id] => 3
)

Request: Array
(
    [votes] => Array
        (
            [1] => 6
            [2] => 4
            [3] => Array
                (
                    [0] => 3
                    [1] => 9
                    [2] => 10
                    [3] => 11
                    [4] => 12
                    [5] => 13
                    [6] => 14
                    [7] => 15
                    [8] => 17
                    [9] => 18
                    [10] => 20
                    [11] => 22
                )

            [6] => 2
        )

    [voter_id] => 3
)

Request: Array
(
    [votes] => Array
        (
            [1] => 6
            [2] => 4
            [3] => Array
                (
                    [0] => 3
                    [1] => 9
                    [2] => 10
                    [3] => 11
                    [4] => 12
                    [5] => 13
                    [6] => 14
                    [7] => 15
                    [8] => 17
                    [9] => 18
                    [10] => 20
                    [11] => 22
                )

            [6] => 2
        )

    [voter_id] => 3
)

Request: Array
(
    [votes] => Array
        (
            [1] => 6
            [2] => 4
            [3] => Array
                (
                    [0] => 3
                    [1] => 9
                    [2] => 10
                    [3] => 11
                    [4] => 12
                    [5] => 13
                    [6] => 14
                    [7] => 15
                    [8] => 17
                    [9] => 18
                    [10] => 21
                    [11] => 22
                )

            [6] => 2
        )

    [voter_id] => 3
)

